<?xml version="1.0" encoding="utf-8"?><testsuites name="pytest tests"><testsuite name="pytest" errors="0" failures="0" skipped="0" tests="19" time="3.432" timestamp="2026-07-15T08:21:46.265749+00:00" hostname="agent-env-2de8cb58-793a-4715-ae65-be05072b0e0b"><testcase classname="backend.tests.backend_test.TestHealthAndRouting" name="test_health" time="0.182" /><testcase classname="backend.tests.backend_test.TestHealthAndRouting" name="test_pages_200[/]" time="0.132" /><testcase classname="backend.tests.backend_test.TestHealthAndRouting" name="test_pages_200[/scan]" time="0.075" /><testcase classname="backend.tests.backend_test.TestHealthAndRouting" name="test_pages_200[/reading]" time="0.336" /><testcase classname="backend.tests.backend_test.TestHealthAndRouting" name="test_pages_200[/checkout]" time="0.077" /><testcase classname="backend.tests.backend_test.TestHealthAndRouting" name="test_pages_200[/success]" time="0.068" /><testcase classname="backend.tests.backend_test.TestHealthAndRouting" name="test_pages_200[/cancel]" time="0.079" /><testcase classname="backend.tests.backend_test.TestHealthAndRouting" name="test_pages_200[/admin]" time="0.064" /><testcase classname="backend.tests.backend_test.TestHealthAndRouting" name="test_pages_200[/sitemap.xml]" time="0.116" /><testcase classname="backend.tests.backend_test.TestHealthAndRouting" name="test_admin_me_requires_auth" time="0.041" /><testcase classname="backend.tests.backend_test.TestAdminAuth" name="test_login_ok" time="0.272" /><testcase classname="backend.tests.backend_test.TestAdminAuth" name="test_login_wrong_password" time="0.271" /><testcase classname="backend.tests.backend_test.TestAdminAuth" name="test_me_with_token" time="0.043" /><testcase classname="backend.tests.backend_test.TestAdminAuth" name="test_stats" time="0.047" /><testcase classname="backend.tests.backend_test.TestAdminAuth" name="test_orders_list" time="0.044" /><testcase classname="backend.tests.backend_test.TestRazorpay" name="test_create_order_one_time" time="0.989" /><testcase classname="backend.tests.backend_test.TestRazorpay" name="test_create_order_monthly" time="0.344" /><testcase classname="backend.tests.backend_test.TestRazorpay" name="test_verify_bad_signature" time="0.046" /><testcase classname="backend.tests.backend_test.TestRazorpay" name="test_order_appears_in_admin" time="0.042" /></testsuite></testsuites>